<?xml version="1.0" encoding="UTF-8"?>
<!-- Generated by org.testng.reporters.JUnitReportReporter -->
<testsuite hostname="LAPTOP-IJKL4ONC" failures="0" tests="5" name="testcase.LoginPage" time="155.983" errors="0" timestamp="2023-12-18T17:09:22 GMT" skipped="0">
  <testcase classname="testcase.LoginPage" name="loginWithoutCredentials" time="0.091"/>
  <testcase classname="testcase.LoginPage" name="loginWithoutPassword" time="0.493"/>
  <testcase classname="testcase.LoginPage" name="loginWithoutUsername" time="6.533"/>
  <testcase classname="testcase.LoginPage" name="forgotPasswordLink" time="133.516"/>
  <testcase classname="testcase.LoginPage" name="login" time="15.350"/>
</testsuite> <!-- testcase.LoginPage -->
