<?xml version="1.0" encoding="UTF-8"?>
<!-- Generated by org.testng.reporters.JUnitReportReporter -->
<testsuite hostname="LAPTOP-IJKL4ONC" failures="0" tests="1" name="testcase.MyInfoPage" time="0.534" errors="0" timestamp="2023-12-18T17:09:22 GMT" skipped="0">
  <testcase classname="testcase.MyInfoPage" name="openMyInfoPage" time="0.534"/>
</testsuite> <!-- testcase.MyInfoPage -->
