<?xml version="1.0" encoding="UTF-8"?>
<!-- Generated by org.testng.reporters.JUnitReportReporter -->
<testsuite hostname="LAPTOP-IJKL4ONC" failures="0" tests="5" name="testcase.LoginPage" time="156.688" errors="0" timestamp="2023-12-07T12:19:07 GMT" skipped="0">
  <testcase classname="testcase.LoginPage" name="loginWithoutCredentials" time="0.120"/>
  <testcase classname="testcase.LoginPage" name="loginWithoutPassword" time="0.787"/>
  <testcase classname="testcase.LoginPage" name="loginWithoutUsername" time="6.775"/>
  <testcase classname="testcase.LoginPage" name="forgotPasswordLink" time="133.778"/>
  <testcase classname="testcase.LoginPage" name="login" time="15.228"/>
</testsuite> <!-- testcase.LoginPage -->
